2024-02-27 03:21:03 [scrapy.utils.log] INFO: Scrapy 2.11.1 started (bot: car_price_scrapy)
2024-02-27 03:21:03 [scrapy.utils.log] INFO: Versions: lxml 5.1.0.0, libxml2 2.12.3, cssselect 1.2.0, parsel 1.8.1, w3lib 2.1.2, Twisted 23.10.0, Python 3.9.13 (main, Jun 26 2022, 22:57:11) - [Clang 12.0.0 (clang-1200.0.31.1)], pyOpenSSL 24.0.0 (OpenSSL 3.2.1 30 Jan 2024), cryptography 42.0.4, Platform macOS-12.6.8-x86_64-i386-64bit
2024-02-27 03:21:03 [scrapy.addons] INFO: Enabled addons:
[]
2024-02-27 03:21:03 [asyncio] DEBUG: Using selector: KqueueSelector
2024-02-27 03:21:03 [scrapy.utils.log] DEBUG: Using reactor: twisted.internet.asyncioreactor.AsyncioSelectorReactor
2024-02-27 03:21:03 [scrapy.utils.log] DEBUG: Using asyncio event loop: asyncio.unix_events._UnixSelectorEventLoop
2024-02-27 03:21:03 [scrapy.extensions.telnet] INFO: Telnet Password: bd715d4b25e16f94
2024-02-27 03:21:03 [scrapy.middleware] INFO: Enabled extensions:
['scrapy.extensions.corestats.CoreStats',
 'scrapy.extensions.telnet.TelnetConsole',
 'scrapy.extensions.memusage.MemoryUsage',
 'scrapy.extensions.logstats.LogStats']
2024-02-27 03:21:03 [scrapy.crawler] INFO: Overridden settings:
{'BOT_NAME': 'car_price_scrapy',
 'FEED_EXPORT_ENCODING': 'utf-8',
 'LOG_FILE': 'car.log',
 'NEWSPIDER_MODULE': 'car_price_scrapy.spiders',
 'REQUEST_FINGERPRINTER_IMPLEMENTATION': '2.7',
 'ROBOTSTXT_OBEY': True,
 'SPIDER_MODULES': ['car_price_scrapy.spiders'],
 'TWISTED_REACTOR': 'twisted.internet.asyncioreactor.AsyncioSelectorReactor'}
2024-02-27 03:21:03 [scrapy.middleware] INFO: Enabled downloader middlewares:
['scrapy.downloadermiddlewares.robotstxt.RobotsTxtMiddleware',
 'scrapy.downloadermiddlewares.httpauth.HttpAuthMiddleware',
 'scrapy.downloadermiddlewares.downloadtimeout.DownloadTimeoutMiddleware',
 'scrapy.downloadermiddlewares.defaultheaders.DefaultHeadersMiddleware',
 'scrapy.downloadermiddlewares.useragent.UserAgentMiddleware',
 'scrapy.downloadermiddlewares.retry.RetryMiddleware',
 'scrapy.downloadermiddlewares.redirect.MetaRefreshMiddleware',
 'scrapy.downloadermiddlewares.httpcompression.HttpCompressionMiddleware',
 'scrapy.downloadermiddlewares.redirect.RedirectMiddleware',
 'scrapy.downloadermiddlewares.cookies.CookiesMiddleware',
 'scrapy.downloadermiddlewares.httpproxy.HttpProxyMiddleware',
 'scrapy.downloadermiddlewares.stats.DownloaderStats']
2024-02-27 03:21:03 [scrapy.middleware] INFO: Enabled spider middlewares:
['scrapy.spidermiddlewares.httperror.HttpErrorMiddleware',
 'scrapy.spidermiddlewares.offsite.OffsiteMiddleware',
 'scrapy.spidermiddlewares.referer.RefererMiddleware',
 'scrapy.spidermiddlewares.urllength.UrlLengthMiddleware',
 'scrapy.spidermiddlewares.depth.DepthMiddleware']
2024-02-27 03:21:03 [scrapy.middleware] INFO: Enabled item pipelines:
[]
2024-02-27 03:21:03 [scrapy.core.engine] INFO: Spider opened
2024-02-27 03:21:03 [scrapy.extensions.logstats] INFO: Crawled 0 pages (at 0 pages/min), scraped 0 items (at 0 items/min)
2024-02-27 03:21:03 [scrapy.extensions.telnet] INFO: Telnet console listening on 127.0.0.1:6023
2024-02-27 03:21:04 [scrapy.core.engine] DEBUG: Crawled (200) <GET https://danchoioto.vn/robots.txt> (referer: None)
2024-02-27 03:21:05 [scrapy.core.engine] DEBUG: Crawled (200) <GET https://danchoioto.vn> (referer: None)
2024-02-27 03:21:05 [scrapy.core.engine] INFO: Closing spider (finished)
2024-02-27 03:21:05 [scrapy.statscollectors] INFO: Dumping Scrapy stats:
{'downloader/request_bytes': 438,
 'downloader/request_count': 2,
 'downloader/request_method_count/GET': 2,
 'downloader/response_bytes': 22466,
 'downloader/response_count': 2,
 'downloader/response_status_count/200': 2,
 'elapsed_time_seconds': 1.811947,
 'finish_reason': 'finished',
 'finish_time': datetime.datetime(2024, 2, 26, 18, 21, 5, 203828, tzinfo=datetime.timezone.utc),
 'httpcompression/response_bytes': 173496,
 'httpcompression/response_count': 1,
 'log_count/DEBUG': 5,
 'log_count/INFO': 10,
 'memusage/max': 54820864,
 'memusage/startup': 54820864,
 'response_received_count': 2,
 'robotstxt/request_count': 1,
 'robotstxt/response_count': 1,
 'robotstxt/response_status_count/200': 1,
 'scheduler/dequeued': 1,
 'scheduler/dequeued/memory': 1,
 'scheduler/enqueued': 1,
 'scheduler/enqueued/memory': 1,
 'start_time': datetime.datetime(2024, 2, 26, 18, 21, 3, 391881, tzinfo=datetime.timezone.utc)}
2024-02-27 03:21:05 [scrapy.core.engine] INFO: Spider closed (finished)
